/usr/lib/python3/dist-packages/scipy/__init__.py:146: UserWarning: A NumPy version >=1.17.3 and <1.25.0 is required for this version of SciPy (detected version 1.26.4
  warnings.warn(f"A NumPy version >={np_minversion} and <{np_maxversion}"
Processus 2: jours 61-120 (60 jours)
Fichiers créés pour 2024030112 : /dmidata/users/malegu/data/daily_output/2024030112.nc et/ou /dmidata/users/malegu/data/daily_output/2024030112.zarr
Fichiers créés pour 2024030212 : /dmidata/users/malegu/data/daily_output/2024030212.nc et/ou /dmidata/users/malegu/data/daily_output/2024030212.zarr
Fichiers créés pour 2024030312 : /dmidata/users/malegu/data/daily_output/2024030312.nc et/ou /dmidata/users/malegu/data/daily_output/2024030312.zarr
Fichiers créés pour 2024030412 : /dmidata/users/malegu/data/daily_output/2024030412.nc et/ou /dmidata/users/malegu/data/daily_output/2024030412.zarr
Fichiers créés pour 2024030512 : /dmidata/users/malegu/data/daily_output/2024030512.nc et/ou /dmidata/users/malegu/data/daily_output/2024030512.zarr
Processus 2: 5/60 jours traités
Fichiers créés pour 2024030612 : /dmidata/users/malegu/data/daily_output/2024030612.nc et/ou /dmidata/users/malegu/data/daily_output/2024030612.zarr
Fichiers créés pour 2024030712 : /dmidata/users/malegu/data/daily_output/2024030712.nc et/ou /dmidata/users/malegu/data/daily_output/2024030712.zarr
Fichiers créés pour 2024030812 : /dmidata/users/malegu/data/daily_output/2024030812.nc et/ou /dmidata/users/malegu/data/daily_output/2024030812.zarr
Fichiers créés pour 2024030912 : /dmidata/users/malegu/data/daily_output/2024030912.nc et/ou /dmidata/users/malegu/data/daily_output/2024030912.zarr
Fichiers créés pour 2024031012 : /dmidata/users/malegu/data/daily_output/2024031012.nc et/ou /dmidata/users/malegu/data/daily_output/2024031012.zarr
Processus 2: 10/60 jours traités
Fichiers créés pour 2024031112 : /dmidata/users/malegu/data/daily_output/2024031112.nc et/ou /dmidata/users/malegu/data/daily_output/2024031112.zarr
Fichiers créés pour 2024031212 : /dmidata/users/malegu/data/daily_output/2024031212.nc et/ou /dmidata/users/malegu/data/daily_output/2024031212.zarr
Fichiers créés pour 2024031312 : /dmidata/users/malegu/data/daily_output/2024031312.nc et/ou /dmidata/users/malegu/data/daily_output/2024031312.zarr
Fichiers créés pour 2024031412 : /dmidata/users/malegu/data/daily_output/2024031412.nc et/ou /dmidata/users/malegu/data/daily_output/2024031412.zarr
Fichiers créés pour 2024031512 : /dmidata/users/malegu/data/daily_output/2024031512.nc et/ou /dmidata/users/malegu/data/daily_output/2024031512.zarr
Processus 2: 15/60 jours traités
Fichiers créés pour 2024031612 : /dmidata/users/malegu/data/daily_output/2024031612.nc et/ou /dmidata/users/malegu/data/daily_output/2024031612.zarr
Fichiers créés pour 2024031712 : /dmidata/users/malegu/data/daily_output/2024031712.nc et/ou /dmidata/users/malegu/data/daily_output/2024031712.zarr
Fichiers créés pour 2024031812 : /dmidata/users/malegu/data/daily_output/2024031812.nc et/ou /dmidata/users/malegu/data/daily_output/2024031812.zarr
Fichiers créés pour 2024031912 : /dmidata/users/malegu/data/daily_output/2024031912.nc et/ou /dmidata/users/malegu/data/daily_output/2024031912.zarr
Fichiers créés pour 2024032012 : /dmidata/users/malegu/data/daily_output/2024032012.nc et/ou /dmidata/users/malegu/data/daily_output/2024032012.zarr
Processus 2: 20/60 jours traités
Fichiers créés pour 2024032112 : /dmidata/users/malegu/data/daily_output/2024032112.nc et/ou /dmidata/users/malegu/data/daily_output/2024032112.zarr
Fichiers créés pour 2024032212 : /dmidata/users/malegu/data/daily_output/2024032212.nc et/ou /dmidata/users/malegu/data/daily_output/2024032212.zarr
Fichiers créés pour 2024032312 : /dmidata/users/malegu/data/daily_output/2024032312.nc et/ou /dmidata/users/malegu/data/daily_output/2024032312.zarr
Fichiers créés pour 2024032412 : /dmidata/users/malegu/data/daily_output/2024032412.nc et/ou /dmidata/users/malegu/data/daily_output/2024032412.zarr
Fichiers créés pour 2024032512 : /dmidata/users/malegu/data/daily_output/2024032512.nc et/ou /dmidata/users/malegu/data/daily_output/2024032512.zarr
Processus 2: 25/60 jours traités
Fichiers créés pour 2024032612 : /dmidata/users/malegu/data/daily_output/2024032612.nc et/ou /dmidata/users/malegu/data/daily_output/2024032612.zarr
Fichiers créés pour 2024032712 : /dmidata/users/malegu/data/daily_output/2024032712.nc et/ou /dmidata/users/malegu/data/daily_output/2024032712.zarr
Fichiers créés pour 2024032812 : /dmidata/users/malegu/data/daily_output/2024032812.nc et/ou /dmidata/users/malegu/data/daily_output/2024032812.zarr
Fichiers créés pour 2024032912 : /dmidata/users/malegu/data/daily_output/2024032912.nc et/ou /dmidata/users/malegu/data/daily_output/2024032912.zarr
Fichiers créés pour 2024033012 : /dmidata/users/malegu/data/daily_output/2024033012.nc et/ou /dmidata/users/malegu/data/daily_output/2024033012.zarr
Processus 2: 30/60 jours traités
Fichiers créés pour 2024033112 : /dmidata/users/malegu/data/daily_output/2024033112.nc et/ou /dmidata/users/malegu/data/daily_output/2024033112.zarr
Fichiers créés pour 2024040112 : /dmidata/users/malegu/data/daily_output/2024040112.nc et/ou /dmidata/users/malegu/data/daily_output/2024040112.zarr
Erreur processus 2 - 2024040212: [Errno 11] Unable to synchronously create file (unable to lock file, errno = 11, error message = 'Resource temporarily unavailable')
Erreur processus 2 - 2024040312: [Errno 11] Unable to synchronously create file (unable to lock file, errno = 11, error message = 'Resource temporarily unavailable')
Erreur processus 2 - 2024040412: [Errno 11] Unable to synchronously create file (unable to lock file, errno = 11, error message = 'Resource temporarily unavailable')
Erreur processus 2 - 2024040512: [Errno 11] Unable to synchronously create file (unable to lock file, errno = 11, error message = 'Resource temporarily unavailable')
Erreur processus 2 - 2024040612: [Errno 11] Unable to synchronously create file (unable to lock file, errno = 11, error message = 'Resource temporarily unavailable')
Erreur processus 2 - 2024040712: [Errno 11] Unable to synchronously create file (unable to lock file, errno = 11, error message = 'Resource temporarily unavailable')
Erreur processus 2 - 2024040812: [Errno 11] Unable to synchronously create file (unable to lock file, errno = 11, error message = 'Resource temporarily unavailable')
Erreur processus 2 - 2024040912: [Errno 11] Unable to synchronously create file (unable to lock file, errno = 11, error message = 'Resource temporarily unavailable')
Erreur processus 2 - 2024041012: [Errno 11] Unable to synchronously create file (unable to lock file, errno = 11, error message = 'Resource temporarily unavailable')
Erreur processus 2 - 2024041112: [Errno 11] Unable to synchronously create file (unable to lock file, errno = 11, error message = 'Resource temporarily unavailable')
Erreur processus 2 - 2024041212: [Errno 11] Unable to synchronously create file (unable to lock file, errno = 11, error message = 'Resource temporarily unavailable')
Erreur processus 2 - 2024041312: [Errno 11] Unable to synchronously create file (unable to lock file, errno = 11, error message = 'Resource temporarily unavailable')
Erreur processus 2 - 2024041412: [Errno 11] Unable to synchronously create file (unable to lock file, errno = 11, error message = 'Resource temporarily unavailable')
Erreur processus 2 - 2024041512: [Errno 11] Unable to synchronously create file (unable to lock file, errno = 11, error message = 'Resource temporarily unavailable')
Erreur processus 2 - 2024041612: [Errno 11] Unable to synchronously create file (unable to lock file, errno = 11, error message = 'Resource temporarily unavailable')
Erreur processus 2 - 2024041712: [Errno 11] Unable to synchronously create file (unable to lock file, errno = 11, error message = 'Resource temporarily unavailable')
Erreur processus 2 - 2024041812: [Errno 11] Unable to synchronously create file (unable to lock file, errno = 11, error message = 'Resource temporarily unavailable')
Erreur processus 2 - 2024041912: [Errno 11] Unable to synchronously create file (unable to lock file, errno = 11, error message = 'Resource temporarily unavailable')
Erreur processus 2 - 2024042012: [Errno 11] Unable to synchronously create file (unable to lock file, errno = 11, error message = 'Resource temporarily unavailable')
Erreur processus 2 - 2024042112: [Errno 11] Unable to synchronously create file (unable to lock file, errno = 11, error message = 'Resource temporarily unavailable')
Erreur processus 2 - 2024042212: [Errno 11] Unable to synchronously create file (unable to lock file, errno = 11, error message = 'Resource temporarily unavailable')
Erreur processus 2 - 2024042312: [Errno 11] Unable to synchronously create file (unable to lock file, errno = 11, error message = 'Resource temporarily unavailable')
Erreur processus 2 - 2024042412: [Errno 11] Unable to synchronously create file (unable to lock file, errno = 11, error message = 'Resource temporarily unavailable')
Erreur processus 2 - 2024042512: [Errno 11] Unable to synchronously create file (unable to lock file, errno = 11, error message = 'Resource temporarily unavailable')
Erreur processus 2 - 2024042612: [Errno 11] Unable to synchronously create file (unable to lock file, errno = 11, error message = 'Resource temporarily unavailable')
Erreur processus 2 - 2024042712: [Errno 11] Unable to synchronously create file (unable to lock file, errno = 11, error message = 'Resource temporarily unavailable')
Erreur processus 2 - 2024042812: [Errno 11] Unable to synchronously create file (unable to lock file, errno = 11, error message = 'Resource temporarily unavailable')
Erreur processus 2 - 2024042912: [Errno 11] Unable to synchronously create file (unable to lock file, errno = 11, error message = 'Resource temporarily unavailable')
Processus 2 terminé: 32/60 succès
