/usr/lib/python3/dist-packages/scipy/__init__.py:146: UserWarning: A NumPy version >=1.17.3 and <1.25.0 is required for this version of SciPy (detected version 1.26.4
  warnings.warn(f"A NumPy version >={np_minversion} and <{np_maxversion}"
Processus 5: jours 241-300 (60 jours)
Fichiers créés pour 2024082812 : /dmidata/users/malegu/data/daily_output/2024082812.nc et/ou /dmidata/users/malegu/data/daily_output/2024082812.zarr
Fichiers créés pour 2024082912 : /dmidata/users/malegu/data/daily_output/2024082912.nc et/ou /dmidata/users/malegu/data/daily_output/2024082912.zarr
Fichiers créés pour 2024083012 : /dmidata/users/malegu/data/daily_output/2024083012.nc et/ou /dmidata/users/malegu/data/daily_output/2024083012.zarr
Fichiers créés pour 2024083112 : /dmidata/users/malegu/data/daily_output/2024083112.nc et/ou /dmidata/users/malegu/data/daily_output/2024083112.zarr
Fichiers créés pour 2024090112 : /dmidata/users/malegu/data/daily_output/2024090112.nc et/ou /dmidata/users/malegu/data/daily_output/2024090112.zarr
Processus 5: 5/60 jours traités
Fichiers créés pour 2024090212 : /dmidata/users/malegu/data/daily_output/2024090212.nc et/ou /dmidata/users/malegu/data/daily_output/2024090212.zarr
Fichiers créés pour 2024090312 : /dmidata/users/malegu/data/daily_output/2024090312.nc et/ou /dmidata/users/malegu/data/daily_output/2024090312.zarr
Fichiers créés pour 2024090412 : /dmidata/users/malegu/data/daily_output/2024090412.nc et/ou /dmidata/users/malegu/data/daily_output/2024090412.zarr
Fichiers créés pour 2024090512 : /dmidata/users/malegu/data/daily_output/2024090512.nc et/ou /dmidata/users/malegu/data/daily_output/2024090512.zarr
Fichiers créés pour 2024090612 : /dmidata/users/malegu/data/daily_output/2024090612.nc et/ou /dmidata/users/malegu/data/daily_output/2024090612.zarr
Processus 5: 10/60 jours traités
Fichiers créés pour 2024090712 : /dmidata/users/malegu/data/daily_output/2024090712.nc et/ou /dmidata/users/malegu/data/daily_output/2024090712.zarr
Fichiers créés pour 2024090812 : /dmidata/users/malegu/data/daily_output/2024090812.nc et/ou /dmidata/users/malegu/data/daily_output/2024090812.zarr
Fichiers créés pour 2024090912 : /dmidata/users/malegu/data/daily_output/2024090912.nc et/ou /dmidata/users/malegu/data/daily_output/2024090912.zarr
Fichiers créés pour 2024091012 : /dmidata/users/malegu/data/daily_output/2024091012.nc et/ou /dmidata/users/malegu/data/daily_output/2024091012.zarr
Fichiers créés pour 2024091112 : /dmidata/users/malegu/data/daily_output/2024091112.nc et/ou /dmidata/users/malegu/data/daily_output/2024091112.zarr
Processus 5: 15/60 jours traités
Fichiers créés pour 2024091212 : /dmidata/users/malegu/data/daily_output/2024091212.nc et/ou /dmidata/users/malegu/data/daily_output/2024091212.zarr
Fichiers créés pour 2024091312 : /dmidata/users/malegu/data/daily_output/2024091312.nc et/ou /dmidata/users/malegu/data/daily_output/2024091312.zarr
Fichiers créés pour 2024091412 : /dmidata/users/malegu/data/daily_output/2024091412.nc et/ou /dmidata/users/malegu/data/daily_output/2024091412.zarr
Fichiers créés pour 2024091512 : /dmidata/users/malegu/data/daily_output/2024091512.nc et/ou /dmidata/users/malegu/data/daily_output/2024091512.zarr
Fichiers créés pour 2024091612 : /dmidata/users/malegu/data/daily_output/2024091612.nc et/ou /dmidata/users/malegu/data/daily_output/2024091612.zarr
Processus 5: 20/60 jours traités
Fichiers créés pour 2024091712 : /dmidata/users/malegu/data/daily_output/2024091712.nc et/ou /dmidata/users/malegu/data/daily_output/2024091712.zarr
Fichiers créés pour 2024091812 : /dmidata/users/malegu/data/daily_output/2024091812.nc et/ou /dmidata/users/malegu/data/daily_output/2024091812.zarr
Fichiers créés pour 2024091912 : /dmidata/users/malegu/data/daily_output/2024091912.nc et/ou /dmidata/users/malegu/data/daily_output/2024091912.zarr
Fichiers créés pour 2024092012 : /dmidata/users/malegu/data/daily_output/2024092012.nc et/ou /dmidata/users/malegu/data/daily_output/2024092012.zarr
Fichiers créés pour 2024092112 : /dmidata/users/malegu/data/daily_output/2024092112.nc et/ou /dmidata/users/malegu/data/daily_output/2024092112.zarr
Processus 5: 25/60 jours traités
Fichiers créés pour 2024092212 : /dmidata/users/malegu/data/daily_output/2024092212.nc et/ou /dmidata/users/malegu/data/daily_output/2024092212.zarr
Fichiers créés pour 2024092312 : /dmidata/users/malegu/data/daily_output/2024092312.nc et/ou /dmidata/users/malegu/data/daily_output/2024092312.zarr
Fichiers créés pour 2024092412 : /dmidata/users/malegu/data/daily_output/2024092412.nc et/ou /dmidata/users/malegu/data/daily_output/2024092412.zarr
Fichiers créés pour 2024092512 : /dmidata/users/malegu/data/daily_output/2024092512.nc et/ou /dmidata/users/malegu/data/daily_output/2024092512.zarr
Fichiers créés pour 2024092612 : /dmidata/users/malegu/data/daily_output/2024092612.nc et/ou /dmidata/users/malegu/data/daily_output/2024092612.zarr
Processus 5: 30/60 jours traités
Fichiers créés pour 2024092712 : /dmidata/users/malegu/data/daily_output/2024092712.nc et/ou /dmidata/users/malegu/data/daily_output/2024092712.zarr
Fichiers créés pour 2024092812 : /dmidata/users/malegu/data/daily_output/2024092812.nc et/ou /dmidata/users/malegu/data/daily_output/2024092812.zarr
Erreur processus 5 - 2024092912: [Errno 122] Disk quota exceeded
Erreur processus 5 - 2024093012: [Errno 11] Unable to synchronously create file (unable to lock file, errno = 11, error message = 'Resource temporarily unavailable')
Erreur processus 5 - 2024100112: [Errno 11] Unable to synchronously create file (unable to lock file, errno = 11, error message = 'Resource temporarily unavailable')
Erreur processus 5 - 2024100212: [Errno 11] Unable to synchronously create file (unable to lock file, errno = 11, error message = 'Resource temporarily unavailable')
Erreur processus 5 - 2024100312: [Errno 11] Unable to synchronously create file (unable to lock file, errno = 11, error message = 'Resource temporarily unavailable')
Erreur processus 5 - 2024100412: [Errno 11] Unable to synchronously create file (unable to lock file, errno = 11, error message = 'Resource temporarily unavailable')
Erreur processus 5 - 2024100512: [Errno 11] Unable to synchronously create file (unable to lock file, errno = 11, error message = 'Resource temporarily unavailable')
Erreur processus 5 - 2024100612: [Errno 11] Unable to synchronously create file (unable to lock file, errno = 11, error message = 'Resource temporarily unavailable')
Erreur processus 5 - 2024100712: [Errno 11] Unable to synchronously create file (unable to lock file, errno = 11, error message = 'Resource temporarily unavailable')
Erreur processus 5 - 2024100812: [Errno 11] Unable to synchronously create file (unable to lock file, errno = 11, error message = 'Resource temporarily unavailable')
Erreur processus 5 - 2024100912: [Errno 11] Unable to synchronously create file (unable to lock file, errno = 11, error message = 'Resource temporarily unavailable')
Erreur processus 5 - 2024101012: [Errno 11] Unable to synchronously create file (unable to lock file, errno = 11, error message = 'Resource temporarily unavailable')
Erreur processus 5 - 2024101112: [Errno 11] Unable to synchronously create file (unable to lock file, errno = 11, error message = 'Resource temporarily unavailable')
Erreur processus 5 - 2024101212: [Errno 11] Unable to synchronously create file (unable to lock file, errno = 11, error message = 'Resource temporarily unavailable')
Erreur processus 5 - 2024101312: [Errno 11] Unable to synchronously create file (unable to lock file, errno = 11, error message = 'Resource temporarily unavailable')
Erreur processus 5 - 2024101412: [Errno 11] Unable to synchronously create file (unable to lock file, errno = 11, error message = 'Resource temporarily unavailable')
Erreur processus 5 - 2024101512: [Errno 11] Unable to synchronously create file (unable to lock file, errno = 11, error message = 'Resource temporarily unavailable')
Erreur processus 5 - 2024101612: [Errno 11] Unable to synchronously create file (unable to lock file, errno = 11, error message = 'Resource temporarily unavailable')
Erreur processus 5 - 2024101712: [Errno 11] Unable to synchronously create file (unable to lock file, errno = 11, error message = 'Resource temporarily unavailable')
Erreur processus 5 - 2024101812: [Errno 11] Unable to synchronously create file (unable to lock file, errno = 11, error message = 'Resource temporarily unavailable')
Erreur processus 5 - 2024101912: [Errno 11] Unable to synchronously create file (unable to lock file, errno = 11, error message = 'Resource temporarily unavailable')
Erreur processus 5 - 2024102012: [Errno 11] Unable to synchronously create file (unable to lock file, errno = 11, error message = 'Resource temporarily unavailable')
Erreur processus 5 - 2024102112: [Errno 11] Unable to synchronously create file (unable to lock file, errno = 11, error message = 'Resource temporarily unavailable')
Erreur processus 5 - 2024102212: [Errno 11] Unable to synchronously create file (unable to lock file, errno = 11, error message = 'Resource temporarily unavailable')
Erreur processus 5 - 2024102312: [Errno 11] Unable to synchronously create file (unable to lock file, errno = 11, error message = 'Resource temporarily unavailable')
Erreur processus 5 - 2024102412: [Errno 11] Unable to synchronously create file (unable to lock file, errno = 11, error message = 'Resource temporarily unavailable')
Erreur processus 5 - 2024102512: [Errno 11] Unable to synchronously create file (unable to lock file, errno = 11, error message = 'Resource temporarily unavailable')
Erreur processus 5 - 2024102612: [Errno 11] Unable to synchronously create file (unable to lock file, errno = 11, error message = 'Resource temporarily unavailable')
Processus 5 terminé: 32/60 succès
